[main] ERROR com.solvd.carfactory.connectionpool.ConnectionPool  - Error getting database connection from 52.59.193.212:3306
java.sql.SQLException: No suitable driver found for jdbc:mysql:52.59.193.212:3306
[main] ERROR com.solvd.carfactory.main.Runner  - java.lang.ClassNotFoundException: com.mysql.jdbc.Driver
[main] ERROR com.solvd.carfactory.connectionpool.ConnectionPool  - Error getting database connection from 52.59.193.212:3306
java.sql.SQLException: No suitable driver found for jdbc:mysql:52.59.193.212:3306
[main] ERROR com.solvd.carfactory.connectionpool.ConnectionPool  - Error getting database connection from 52.59.193.212:3306
java.sql.SQLException: No suitable driver found for jdbc:mysql:52.59.193.212:3306
[main] ERROR com.solvd.carfactory.connectionpool.ConnectionPool  - Error getting database connection from 52.59.193.212:3306
java.sql.SQLException: No suitable driver found for jdbc:mysql:52.59.193.212:3306
[main] ERROR com.solvd.carfactory.connectionpool.ConnectionPool  - Error getting database connection from 52.59.193.212:3306
java.sql.SQLException: No suitable driver found for jdbc:mysql:52.59.193.212:3306
[main] ERROR com.solvd.carfactory.dao.mysql.jdbc.CountryDAO  - java.sql.SQLException: No database selected
[main] DEBUG com.solvd.carfactory.main.Runner  - 
[main] ERROR com.solvd.carfactory.dao.mysql.jdbc.CountryDAO  - java.sql.SQLSyntaxErrorException: You have an error in your SQL syntax; check the manual that corresponds to your MySQL server version for the right syntax to use near 'SELECT * FROM countries WHERE id = 1' at line 1
[main] DEBUG com.solvd.carfactory.main.Runner  - 
[main] DEBUG com.solvd.carfactory.main.Runner  - com.solvd.carfactory.models.location.Country@34f7cfd9
[main] ERROR com.solvd.carfactory.dao.mysql.jdbc.CountryDAO  - java.sql.SQLException: No database selected
[main] ERROR com.solvd.carfactory.dao.mysql.jdbc.CountryDAO  - java.sql.SQLException: No database selected
[main] DEBUG com.solvd.carfactory.main.Runner  - Read country from db: China
[main] DEBUG com.solvd.carfactory.main.Runner  - Read country from db: China
[main] DEBUG com.solvd.carfactory.main.Runner  - Read country from db: China
[main] DEBUG com.solvd.carfactory.main.Runner  - Read country from db: China
[main] ERROR com.solvd.carfactory.dao.mysql.jdbc.CountryDAO  - java.sql.SQLException: Before start of result set
[main] DEBUG com.solvd.carfactory.main.Runner  - id: 0 Name: japan
[main] DEBUG com.solvd.carfactory.main.Runner  - Read country from db: China
[main] ERROR com.solvd.carfactory.dao.mysql.jdbc.CountryDAO  - Error creating item:
java.sql.SQLException: Before start of result set
[main] DEBUG com.solvd.carfactory.main.Runner  - id: 0 Name: japan
[main] DEBUG com.solvd.carfactory.main.Runner  - Read country from db: China
[main] DEBUG com.solvd.carfactory.main.Runner  - id: 6 Name: japan
[main] DEBUG com.solvd.carfactory.main.Runner  - Read country from db: China
[main] DEBUG com.solvd.carfactory.main.Runner  - Created country with id: 7 Name: iapan
[main] DEBUG com.solvd.carfactory.main.Runner  - Read country with id: 7 Name: iapan
[main] DEBUG com.solvd.carfactory.main.Runner  - Read country from db: China
[main] DEBUG com.solvd.carfactory.main.Runner  - Created country with id: 8 Name: iapan
[main] DEBUG com.solvd.carfactory.main.Runner  - Read country with id: 8 Name: iapan
[main] DEBUG com.solvd.carfactory.main.Runner  - Updated country with id: 8 Name: Japan
[main] DEBUG com.solvd.carfactory.main.Runner  - Deleted item.
[main] ERROR com.solvd.carfactory.dao.mysql.jdbc.CountryDAO  - Error reading item:
java.sql.SQLException: Illegal operation on empty result set.
[main] DEBUG com.solvd.carfactory.main.Runner  - Created country with id: 9 Name: iapan
[main] DEBUG com.solvd.carfactory.main.Runner  - Read country with id: 9 Name: iapan
[main] DEBUG com.solvd.carfactory.main.Runner  - Updated country with id: 9 Name: Japan
[main] DEBUG com.solvd.carfactory.main.Runner  - Deleted item with id: 9 Name: Japan
[main] ERROR com.solvd.carfactory.dao.mysql.jdbc.CountryDAO  - Error reading item:
java.sql.SQLException: Illegal operation on empty result set.
[main] DEBUG com.solvd.carfactory.main.Runner  - Created country with id: 10 Name: iapan
[main] DEBUG com.solvd.carfactory.main.Runner  - Read country with id: 10 Name: iapan
[main] DEBUG com.solvd.carfactory.main.Runner  - Updated country with id: 10 Name: Japan
[main] DEBUG com.solvd.carfactory.main.Runner  - Deleted item with id: 10 Name: Japan
[main] ERROR com.solvd.carfactory.dao.mysql.jdbc.CountryDAO  - Error reading item:
java.sql.SQLException: Illegal operation on empty result set.
[main] DEBUG com.solvd.carfactory.main.Runner  - Created country with id: 11 Name: iapan
[main] DEBUG com.solvd.carfactory.main.Runner  - Read country with id: 11 Name: iapan
[main] DEBUG com.solvd.carfactory.main.Runner  - Updated country with id: 11 Name: Japan
[main] DEBUG com.solvd.carfactory.main.Runner  - Deleted item with id: 11 Name: Japan
[main] DEBUG com.solvd.carfactory.main.Runner  - Created country with id: 12 Name: iapan
[main] DEBUG com.solvd.carfactory.main.Runner  - Read country with id: 12 Name: iapan
[main] DEBUG com.solvd.carfactory.main.Runner  - Updated country with id: 12 Name: Japan
[main] DEBUG com.solvd.carfactory.main.Runner  - Deleted item with id: 12 Name: Japan
[main] ERROR com.solvd.carfactory.dao.mysql.jdbc.CountryDAO  - Error reading item:
java.sql.SQLException: Illegal operation on empty result set.
[main] DEBUG com.solvd.carfactory.main.Runner  - Got city from CityService: Name: London Country: England
[main] DEBUG com.solvd.carfactory.main.Runner  - Created country with id: 13 Name: iapan
[main] DEBUG com.solvd.carfactory.main.Runner  - Read country with id: 13 Name: iapan
[main] DEBUG com.solvd.carfactory.main.Runner  - Updated country with id: 13 Name: Japan
[main] DEBUG com.solvd.carfactory.main.Runner  - Deleted item with id: 13 Name: Japan
[main] ERROR com.solvd.carfactory.dao.mysql.jdbc.CountryDAO  - Error reading item:
java.sql.SQLException: Illegal operation on empty result set.
[main] DEBUG com.solvd.carfactory.main.Runner  - Got city from CityService with id: 1Name: London Country: England
[main] DEBUG com.solvd.carfactory.main.Runner  - Created country with id: 14 Name: iapan
[main] DEBUG com.solvd.carfactory.main.Runner  - Read country with id: 14 Name: iapan
[main] DEBUG com.solvd.carfactory.main.Runner  - Updated country with id: 14 Name: Japan
[main] DEBUG com.solvd.carfactory.main.Runner  - Deleted item with id: 14 Name: Japan
[main] ERROR com.solvd.carfactory.dao.mysql.jdbc.AbstractMysqlJdbcDAO  - Error reading item:
java.sql.SQLException: Illegal operation on empty result set.
[main] DEBUG com.solvd.carfactory.main.Runner  - Got city from CityService with id: 1 Name: London Country: England
